
*** Running vivado
    with args -log Multiplier_4.vds -m64 -product Vivado -mode batch -messageDb vivado.pb -notrace -source Multiplier_4.tcl


****** Vivado v2018.1 (64-bit)
  **** SW Build 2188600 on Wed Apr  4 18:40:38 MDT 2018
  **** IP Build 2185939 on Wed Apr  4 20:55:05 MDT 2018
    ** Copyright 1986-2018 Xilinx, Inc. All Rights Reserved.

source Multiplier_4.tcl -notrace
Command: synth_design -top Multiplier_4 -part xc7a35tcpg236-1
Starting synth_design
Attempting to get a license for feature 'Synthesis' and/or device 'xc7a35t'
INFO: [Common 17-349] Got license for feature 'Synthesis' and/or device 'xc7a35t'
INFO: Launching helper process for spawning children vivado processes
INFO: Helper process launched with PID 13584 
---------------------------------------------------------------------------------
Starting Synthesize : Time (s): cpu = 00:00:05 ; elapsed = 00:00:05 . Memory (MB): peak = 383.270 ; gain = 97.223
---------------------------------------------------------------------------------
INFO: [Synth 8-638] synthesizing module 'Multiplier_4' [C:/Users/rumar/Documents/Computer organization labs/Multiplier/Multiplier.srcs/sources_1/new/Multiplier_4.vhd:13]
INFO: [Synth 8-3491] module 'FA' declared at 'C:/Users/rumar/Documents/Computer organization labs/Lab3/Lab3/Lab3.srcs/sources_1/new/FA.vhd:34' bound to instance 'FA_0_0' of component 'FA' [C:/Users/rumar/Documents/Computer organization labs/Multiplier/Multiplier.srcs/sources_1/new/Multiplier_4.vhd:65]
INFO: [Synth 8-638] synthesizing module 'FA' [C:/Users/rumar/Documents/Computer organization labs/Lab3/Lab3/Lab3.srcs/sources_1/new/FA.vhd:42]
INFO: [Synth 8-3491] module 'HA' declared at 'C:/Users/rumar/Documents/Computer organization labs/Lab3/Lab3/Lab3.srcs/sources_1/new/HA.vhd:34' bound to instance 'HA_0' of component 'HA' [C:/Users/rumar/Documents/Computer organization labs/Lab3/Lab3/Lab3.srcs/sources_1/new/FA.vhd:53]
INFO: [Synth 8-638] synthesizing module 'HA' [C:/Users/rumar/Documents/Computer organization labs/Lab3/Lab3/Lab3.srcs/sources_1/new/HA.vhd:41]
INFO: [Synth 8-256] done synthesizing module 'HA' (1#1) [C:/Users/rumar/Documents/Computer organization labs/Lab3/Lab3/Lab3.srcs/sources_1/new/HA.vhd:41]
INFO: [Synth 8-3491] module 'HA' declared at 'C:/Users/rumar/Documents/Computer organization labs/Lab3/Lab3/Lab3.srcs/sources_1/new/HA.vhd:34' bound to instance 'HA_1' of component 'HA' [C:/Users/rumar/Documents/Computer organization labs/Lab3/Lab3/Lab3.srcs/sources_1/new/FA.vhd:60]
INFO: [Synth 8-256] done synthesizing module 'FA' (2#1) [C:/Users/rumar/Documents/Computer organization labs/Lab3/Lab3/Lab3.srcs/sources_1/new/FA.vhd:42]
INFO: [Synth 8-3491] module 'FA' declared at 'C:/Users/rumar/Documents/Computer organization labs/Lab3/Lab3/Lab3.srcs/sources_1/new/FA.vhd:34' bound to instance 'FA_0_1' of component 'FA' [C:/Users/rumar/Documents/Computer organization labs/Multiplier/Multiplier.srcs/sources_1/new/Multiplier_4.vhd:66]
INFO: [Synth 8-3491] module 'FA' declared at 'C:/Users/rumar/Documents/Computer organization labs/Lab3/Lab3/Lab3.srcs/sources_1/new/FA.vhd:34' bound to instance 'FA_0_2' of component 'FA' [C:/Users/rumar/Documents/Computer organization labs/Multiplier/Multiplier.srcs/sources_1/new/Multiplier_4.vhd:67]
INFO: [Synth 8-3491] module 'FA' declared at 'C:/Users/rumar/Documents/Computer organization labs/Lab3/Lab3/Lab3.srcs/sources_1/new/FA.vhd:34' bound to instance 'FA_0_3' of component 'FA' [C:/Users/rumar/Documents/Computer organization labs/Multiplier/Multiplier.srcs/sources_1/new/Multiplier_4.vhd:68]
INFO: [Synth 8-3491] module 'FA' declared at 'C:/Users/rumar/Documents/Computer organization labs/Lab3/Lab3/Lab3.srcs/sources_1/new/FA.vhd:34' bound to instance 'FA_1_0' of component 'FA' [C:/Users/rumar/Documents/Computer organization labs/Multiplier/Multiplier.srcs/sources_1/new/Multiplier_4.vhd:71]
INFO: [Synth 8-3491] module 'FA' declared at 'C:/Users/rumar/Documents/Computer organization labs/Lab3/Lab3/Lab3.srcs/sources_1/new/FA.vhd:34' bound to instance 'FA_1_1' of component 'FA' [C:/Users/rumar/Documents/Computer organization labs/Multiplier/Multiplier.srcs/sources_1/new/Multiplier_4.vhd:72]
INFO: [Synth 8-3491] module 'FA' declared at 'C:/Users/rumar/Documents/Computer organization labs/Lab3/Lab3/Lab3.srcs/sources_1/new/FA.vhd:34' bound to instance 'FA_1_2' of component 'FA' [C:/Users/rumar/Documents/Computer organization labs/Multiplier/Multiplier.srcs/sources_1/new/Multiplier_4.vhd:73]
INFO: [Synth 8-3491] module 'FA' declared at 'C:/Users/rumar/Documents/Computer organization labs/Lab3/Lab3/Lab3.srcs/sources_1/new/FA.vhd:34' bound to instance 'FA_1_3' of component 'FA' [C:/Users/rumar/Documents/Computer organization labs/Multiplier/Multiplier.srcs/sources_1/new/Multiplier_4.vhd:74]
INFO: [Synth 8-3491] module 'FA' declared at 'C:/Users/rumar/Documents/Computer organization labs/Lab3/Lab3/Lab3.srcs/sources_1/new/FA.vhd:34' bound to instance 'FA_2_0' of component 'FA' [C:/Users/rumar/Documents/Computer organization labs/Multiplier/Multiplier.srcs/sources_1/new/Multiplier_4.vhd:77]
INFO: [Synth 8-3491] module 'FA' declared at 'C:/Users/rumar/Documents/Computer organization labs/Lab3/Lab3/Lab3.srcs/sources_1/new/FA.vhd:34' bound to instance 'FA_2_1' of component 'FA' [C:/Users/rumar/Documents/Computer organization labs/Multiplier/Multiplier.srcs/sources_1/new/Multiplier_4.vhd:78]
INFO: [Synth 8-3491] module 'FA' declared at 'C:/Users/rumar/Documents/Computer organization labs/Lab3/Lab3/Lab3.srcs/sources_1/new/FA.vhd:34' bound to instance 'FA_2_2' of component 'FA' [C:/Users/rumar/Documents/Computer organization labs/Multiplier/Multiplier.srcs/sources_1/new/Multiplier_4.vhd:79]
INFO: [Synth 8-3491] module 'FA' declared at 'C:/Users/rumar/Documents/Computer organization labs/Lab3/Lab3/Lab3.srcs/sources_1/new/FA.vhd:34' bound to instance 'FA_2_3' of component 'FA' [C:/Users/rumar/Documents/Computer organization labs/Multiplier/Multiplier.srcs/sources_1/new/Multiplier_4.vhd:80]
INFO: [Synth 8-256] done synthesizing module 'Multiplier_4' (3#1) [C:/Users/rumar/Documents/Computer organization labs/Multiplier/Multiplier.srcs/sources_1/new/Multiplier_4.vhd:13]
---------------------------------------------------------------------------------
Finished Synthesize : Time (s): cpu = 00:00:06 ; elapsed = 00:00:06 . Memory (MB): peak = 438.262 ; gain = 152.215
---------------------------------------------------------------------------------
---------------------------------------------------------------------------------
Finished Constraint Validation : Time (s): cpu = 00:00:06 ; elapsed = 00:00:06 . Memory (MB): peak = 438.262 ; gain = 152.215
---------------------------------------------------------------------------------
---------------------------------------------------------------------------------
Start Loading Part and Timing Information
---------------------------------------------------------------------------------
Loading part: xc7a35tcpg236-1
---------------------------------------------------------------------------------
Finished Loading Part and Timing Information : Time (s): cpu = 00:00:06 ; elapsed = 00:00:06 . Memory (MB): peak = 438.262 ; gain = 152.215
---------------------------------------------------------------------------------
INFO: [Device 21-403] Loading part xc7a35tcpg236-1
---------------------------------------------------------------------------------
Finished RTL Optimization Phase 2 : Time (s): cpu = 00:00:06 ; elapsed = 00:00:06 . Memory (MB): peak = 438.262 ; gain = 152.215
---------------------------------------------------------------------------------

Report RTL Partitions: 
+-+--------------+------------+----------+
| |RTL Partition |Replication |Instances |
+-+--------------+------------+----------+
+-+--------------+------------+----------+
No constraint files found.
---------------------------------------------------------------------------------
Start RTL Component Statistics 
---------------------------------------------------------------------------------
Detailed RTL Component Info : 
+---XORs : 
	   2 Input      1 Bit         XORs := 48    
---------------------------------------------------------------------------------
Finished RTL Component Statistics 
---------------------------------------------------------------------------------
---------------------------------------------------------------------------------
Start RTL Hierarchical Component Statistics 
---------------------------------------------------------------------------------
Hierarchical RTL Component report 
Module HA 
Detailed RTL Component Info : 
+---XORs : 
	   2 Input      1 Bit         XORs := 1     
Module FA 
Detailed RTL Component Info : 
+---XORs : 
	   2 Input      1 Bit         XORs := 2     
---------------------------------------------------------------------------------
Finished RTL Hierarchical Component Statistics
---------------------------------------------------------------------------------
---------------------------------------------------------------------------------
Start Part Resource Summary
---------------------------------------------------------------------------------
Part Resources:
DSPs: 90 (col length:60)
BRAMs: 100 (col length: RAMB18 60 RAMB36 30)
---------------------------------------------------------------------------------
Finished Part Resource Summary
---------------------------------------------------------------------------------
No constraint files found.
---------------------------------------------------------------------------------
Start Cross Boundary and Area Optimization
---------------------------------------------------------------------------------
Warning: Parallel synthesis criteria is not met 
---------------------------------------------------------------------------------
Finished Cross Boundary and Area Optimization : Time (s): cpu = 00:00:10 ; elapsed = 00:00:11 . Memory (MB): peak = 578.984 ; gain = 292.938
---------------------------------------------------------------------------------

Report RTL Partitions: 
+-+--------------+------------+----------+
| |RTL Partition |Replication |Instances |
+-+--------------+------------+----------+
+-+--------------+------------+----------+
No constraint files found.
---------------------------------------------------------------------------------
Start Timing Optimization
---------------------------------------------------------------------------------
---------------------------------------------------------------------------------
Finished Timing Optimization : Time (s): cpu = 00:00:10 ; elapsed = 00:00:11 . Memory (MB): peak = 578.984 ; gain = 292.938
---------------------------------------------------------------------------------

Report RTL Partitions: 
+-+--------------+------------+----------+
| |RTL Partition |Replication |Instances |
+-+--------------+------------+----------+
+-+--------------+------------+----------+
---------------------------------------------------------------------------------
Start Technology Mapping
---------------------------------------------------------------------------------
---------------------------------------------------------------------------------
Finished Technology Mapping : Time (s): cpu = 00:00:10 ; elapsed = 00:00:11 . Memory (MB): peak = 578.984 ; gain = 292.938
---------------------------------------------------------------------------------

Report RTL Partitions: 
+-+--------------+------------+----------+
| |RTL Partition |Replication |Instances |
+-+--------------+------------+----------+
+-+--------------+------------+----------+
---------------------------------------------------------------------------------
Start IO Insertion
---------------------------------------------------------------------------------
---------------------------------------------------------------------------------
Start Flattening Before IO Insertion
---------------------------------------------------------------------------------
---------------------------------------------------------------------------------
Finished Flattening Before IO Insertion
---------------------------------------------------------------------------------
---------------------------------------------------------------------------------
Start Final Netlist Cleanup
---------------------------------------------------------------------------------
---------------------------------------------------------------------------------
Finished Final Netlist Cleanup
---------------------------------------------------------------------------------
---------------------------------------------------------------------------------
Finished IO Insertion : Time (s): cpu = 00:00:10 ; elapsed = 00:00:11 . Memory (MB): peak = 578.984 ; gain = 292.938
---------------------------------------------------------------------------------

Report Check Netlist: 
+------+------------------+-------+---------+-------+------------------+
|      |Item              |Errors |Warnings |Status |Description       |
+------+------------------+-------+---------+-------+------------------+
|1     |multi_driven_nets |      0|        0|Passed |Multi driven nets |
+------+------------------+-------+---------+-------+------------------+
---------------------------------------------------------------------------------
Start Renaming Generated Instances
---------------------------------------------------------------------------------
---------------------------------------------------------------------------------
Finished Renaming Generated Instances : Time (s): cpu = 00:00:10 ; elapsed = 00:00:11 . Memory (MB): peak = 578.984 ; gain = 292.938
---------------------------------------------------------------------------------

Report RTL Partitions: 
+-+--------------+------------+----------+
| |RTL Partition |Replication |Instances |
+-+--------------+------------+----------+
+-+--------------+------------+----------+
---------------------------------------------------------------------------------
Start Rebuilding User Hierarchy
---------------------------------------------------------------------------------
---------------------------------------------------------------------------------
Finished Rebuilding User Hierarchy : Time (s): cpu = 00:00:10 ; elapsed = 00:00:11 . Memory (MB): peak = 578.984 ; gain = 292.938
---------------------------------------------------------------------------------
---------------------------------------------------------------------------------
Start Renaming Generated Ports
---------------------------------------------------------------------------------
---------------------------------------------------------------------------------
Finished Renaming Generated Ports : Time (s): cpu = 00:00:10 ; elapsed = 00:00:11 . Memory (MB): peak = 578.984 ; gain = 292.938
---------------------------------------------------------------------------------
---------------------------------------------------------------------------------
Start Handling Custom Attributes
---------------------------------------------------------------------------------
---------------------------------------------------------------------------------
Finished Handling Custom Attributes : Time (s): cpu = 00:00:10 ; elapsed = 00:00:11 . Memory (MB): peak = 578.984 ; gain = 292.938
---------------------------------------------------------------------------------
---------------------------------------------------------------------------------
Start Renaming Generated Nets
---------------------------------------------------------------------------------
---------------------------------------------------------------------------------
Finished Renaming Generated Nets : Time (s): cpu = 00:00:10 ; elapsed = 00:00:11 . Memory (MB): peak = 578.984 ; gain = 292.938
---------------------------------------------------------------------------------
---------------------------------------------------------------------------------
Start Writing Synthesis Report
---------------------------------------------------------------------------------

Report BlackBoxes: 
+-+--------------+----------+
| |BlackBox name |Instances |
+-+--------------+----------+
+-+--------------+----------+

Report Cell Usage: 
+------+-----+------+
|      |Cell |Count |
+------+-----+------+
|1     |LUT2 |     1|
|2     |LUT4 |     5|
|3     |LUT6 |    12|
|4     |IBUF |     8|
|5     |OBUF |     8|
+------+-----+------+

Report Instance Areas: 
+------+---------+-------+------+
|      |Instance |Module |Cells |
+------+---------+-------+------+
|1     |top      |       |    34|
+------+---------+-------+------+
---------------------------------------------------------------------------------
Finished Writing Synthesis Report : Time (s): cpu = 00:00:10 ; elapsed = 00:00:11 . Memory (MB): peak = 578.984 ; gain = 292.938
---------------------------------------------------------------------------------
Synthesis finished with 0 errors, 0 critical warnings and 0 warnings.
Synthesis Optimization Runtime : Time (s): cpu = 00:00:10 ; elapsed = 00:00:11 . Memory (MB): peak = 578.984 ; gain = 292.938
Synthesis Optimization Complete : Time (s): cpu = 00:00:10 ; elapsed = 00:00:11 . Memory (MB): peak = 578.984 ; gain = 292.938
INFO: [Project 1-571] Translating synthesized netlist
INFO: [Netlist 29-17] Analyzing 8 Unisim elements for replacement
INFO: [Netlist 29-28] Unisim Transformation completed in 0 CPU seconds
INFO: [Project 1-570] Preparing netlist for logic optimization
INFO: [Opt 31-138] Pushed 0 inverter(s) to 0 load pin(s).
INFO: [Project 1-111] Unisim Transformation Summary:
No Unisim elements were transformed.

INFO: [Common 17-83] Releasing license: Synthesis
29 Infos, 0 Warnings, 0 Critical Warnings and 0 Errors encountered.
synth_design completed successfully
synth_design: Time (s): cpu = 00:00:12 ; elapsed = 00:00:16 . Memory (MB): peak = 678.703 ; gain = 404.574
INFO: [Common 17-1381] The checkpoint 'C:/Users/rumar/Documents/Computer organization labs/Multiplier/Multiplier.runs/synth_1/Multiplier_4.dcp' has been generated.
INFO: [runtcl-4] Executing : report_utilization -file Multiplier_4_utilization_synth.rpt -pb Multiplier_4_utilization_synth.pb
report_utilization: Time (s): cpu = 00:00:00 ; elapsed = 00:00:00.009 . Memory (MB): peak = 678.703 ; gain = 0.000
INFO: [Common 17-206] Exiting Vivado at Sun Mar 16 12:18:48 2025...
