
*** Running vivado
    with args -log Counter.vds -m64 -product Vivado -mode batch -messageDb vivado.pb -notrace -source Counter.tcl


****** Vivado v2018.1 (64-bit)
  **** SW Build 2188600 on Wed Apr  4 18:40:38 MDT 2018
  **** IP Build 2185939 on Wed Apr  4 20:55:05 MDT 2018
    ** Copyright 1986-2018 Xilinx, Inc. All Rights Reserved.

source Counter.tcl -notrace
Command: synth_design -top Counter -part xc7a35tcpg236-1
Starting synth_design
Attempting to get a license for feature 'Synthesis' and/or device 'xc7a35t'
INFO: [Common 17-349] Got license for feature 'Synthesis' and/or device 'xc7a35t'
INFO: Launching helper process for spawning children vivado processes
INFO: Helper process launched with PID 17984 
---------------------------------------------------------------------------------
Starting RTL Elaboration : Time (s): cpu = 00:00:09 ; elapsed = 00:00:09 . Memory (MB): peak = 384.020 ; gain = 98.484
---------------------------------------------------------------------------------
INFO: [Synth 8-638] synthesizing module 'Counter' [C:/Users/rumar/Documents/Computer organization labs/Lab5/Lab5.srcs/sources_1/new/Counter.vhd:12]
INFO: [Synth 8-3491] module 'Slow_Clk' declared at 'C:/Users/rumar/Documents/Computer organization labs/Lab5/Lab5.srcs/sources_1/imports/new/Slow_Clk.vhd:34' bound to instance 'Slow_Clk_0' of component 'Slow_Clk' [C:/Users/rumar/Documents/Computer organization labs/Lab5/Lab5.srcs/sources_1/new/Counter.vhd:33]
INFO: [Synth 8-638] synthesizing module 'Slow_Clk' [C:/Users/rumar/Documents/Computer organization labs/Lab5/Lab5.srcs/sources_1/imports/new/Slow_Clk.vhd:39]
INFO: [Synth 8-256] done synthesizing module 'Slow_Clk' (1#1) [C:/Users/rumar/Documents/Computer organization labs/Lab5/Lab5.srcs/sources_1/imports/new/Slow_Clk.vhd:39]
INFO: [Synth 8-3491] module 'D_FF' declared at 'C:/Users/rumar/Documents/Computer organization labs/Lab5/Lab5.srcs/sources_1/new/D_FF.vhd:7' bound to instance 'D_FF_0' of component 'D_FF' [C:/Users/rumar/Documents/Computer organization labs/Lab5/Lab5.srcs/sources_1/new/Counter.vhd:38]
INFO: [Synth 8-638] synthesizing module 'D_FF' [C:/Users/rumar/Documents/Computer organization labs/Lab5/Lab5.srcs/sources_1/new/D_FF.vhd:15]
INFO: [Synth 8-256] done synthesizing module 'D_FF' (2#1) [C:/Users/rumar/Documents/Computer organization labs/Lab5/Lab5.srcs/sources_1/new/D_FF.vhd:15]
INFO: [Synth 8-3491] module 'D_FF' declared at 'C:/Users/rumar/Documents/Computer organization labs/Lab5/Lab5.srcs/sources_1/new/D_FF.vhd:7' bound to instance 'D_FF_1' of component 'D_FF' [C:/Users/rumar/Documents/Computer organization labs/Lab5/Lab5.srcs/sources_1/new/Counter.vhd:45]
INFO: [Synth 8-3491] module 'D_FF' declared at 'C:/Users/rumar/Documents/Computer organization labs/Lab5/Lab5.srcs/sources_1/new/D_FF.vhd:7' bound to instance 'D_FF_2' of component 'D_FF' [C:/Users/rumar/Documents/Computer organization labs/Lab5/Lab5.srcs/sources_1/new/Counter.vhd:52]
INFO: [Synth 8-256] done synthesizing module 'Counter' (3#1) [C:/Users/rumar/Documents/Computer organization labs/Lab5/Lab5.srcs/sources_1/new/Counter.vhd:12]
---------------------------------------------------------------------------------
Finished RTL Elaboration : Time (s): cpu = 00:00:10 ; elapsed = 00:00:10 . Memory (MB): peak = 438.391 ; gain = 152.855
---------------------------------------------------------------------------------

Report Check Netlist: 
+------+------------------+-------+---------+-------+------------------+
|      |Item              |Errors |Warnings |Status |Description       |
+------+------------------+-------+---------+-------+------------------+
|1     |multi_driven_nets |      0|        0|Passed |Multi driven nets |
+------+------------------+-------+---------+-------+------------------+
---------------------------------------------------------------------------------
Start Handling Custom Attributes
---------------------------------------------------------------------------------
---------------------------------------------------------------------------------
Finished Handling Custom Attributes : Time (s): cpu = 00:00:10 ; elapsed = 00:00:11 . Memory (MB): peak = 438.391 ; gain = 152.855
---------------------------------------------------------------------------------
---------------------------------------------------------------------------------
Finished RTL Optimization Phase 1 : Time (s): cpu = 00:00:10 ; elapsed = 00:00:11 . Memory (MB): peak = 438.391 ; gain = 152.855
---------------------------------------------------------------------------------
INFO: [Device 21-403] Loading part xc7a35tcpg236-1
INFO: [Project 1-570] Preparing netlist for logic optimization

Processing XDC Constraints
Initializing timing engine
Parsing XDC File [C:/Users/rumar/Documents/Computer organization labs/Lab5/Lab5.srcs/constrs_1/imports/Computer organization labs/Basys3Labs.xdc]
Finished Parsing XDC File [C:/Users/rumar/Documents/Computer organization labs/Lab5/Lab5.srcs/constrs_1/imports/Computer organization labs/Basys3Labs.xdc]
INFO: [Project 1-236] Implementation specific constraints were found while reading constraint file [C:/Users/rumar/Documents/Computer organization labs/Lab5/Lab5.srcs/constrs_1/imports/Computer organization labs/Basys3Labs.xdc]. These constraints will be ignored for synthesis but will be used in implementation. Impacted constraints are listed in the file [.Xil/Counter_propImpl.xdc].
Resolution: To avoid this warning, move constraints listed in [.Xil/Counter_propImpl.xdc] to another XDC file and exclude this new file from synthesis with the used_in_synthesis property (File Properties dialog in GUI) and re-run elaboration/synthesis.
Completed Processing XDC Constraints

INFO: [Project 1-111] Unisim Transformation Summary:
No Unisim elements were transformed.

Constraint Validation Runtime : Time (s): cpu = 00:00:00 ; elapsed = 00:00:00.003 . Memory (MB): peak = 768.844 ; gain = 0.000
---------------------------------------------------------------------------------
Finished Constraint Validation : Time (s): cpu = 00:00:30 ; elapsed = 00:00:34 . Memory (MB): peak = 768.844 ; gain = 483.309
---------------------------------------------------------------------------------
---------------------------------------------------------------------------------
Start Loading Part and Timing Information
---------------------------------------------------------------------------------
Loading part: xc7a35tcpg236-1
---------------------------------------------------------------------------------
Finished Loading Part and Timing Information : Time (s): cpu = 00:00:30 ; elapsed = 00:00:34 . Memory (MB): peak = 768.844 ; gain = 483.309
---------------------------------------------------------------------------------
---------------------------------------------------------------------------------
Start Applying 'set_property' XDC Constraints
---------------------------------------------------------------------------------
---------------------------------------------------------------------------------
Finished applying 'set_property' XDC Constraints : Time (s): cpu = 00:00:30 ; elapsed = 00:00:35 . Memory (MB): peak = 768.844 ; gain = 483.309
---------------------------------------------------------------------------------
INFO: [Synth 8-5545] ROM "count" won't be mapped to RAM because address size (32) is larger than maximum supported(25)
INFO: [Synth 8-5545] ROM "clk_status" won't be mapped to RAM because address size (32) is larger than maximum supported(25)
---------------------------------------------------------------------------------
Finished RTL Optimization Phase 2 : Time (s): cpu = 00:00:30 ; elapsed = 00:00:35 . Memory (MB): peak = 768.844 ; gain = 483.309
---------------------------------------------------------------------------------

Report RTL Partitions: 
+-+--------------+------------+----------+
| |RTL Partition |Replication |Instances |
+-+--------------+------------+----------+
+-+--------------+------------+----------+
---------------------------------------------------------------------------------
Start RTL Component Statistics 
---------------------------------------------------------------------------------
Detailed RTL Component Info : 
+---Adders : 
	   2 Input     32 Bit       Adders := 1     
+---Registers : 
	               32 Bit    Registers := 1     
	                1 Bit    Registers := 8     
+---Muxes : 
	   2 Input     32 Bit        Muxes := 1     
	   2 Input      1 Bit        Muxes := 1     
---------------------------------------------------------------------------------
Finished RTL Component Statistics 
---------------------------------------------------------------------------------
---------------------------------------------------------------------------------
Start RTL Hierarchical Component Statistics 
---------------------------------------------------------------------------------
Hierarchical RTL Component report 
Module Slow_Clk 
Detailed RTL Component Info : 
+---Adders : 
	   2 Input     32 Bit       Adders := 1     
+---Registers : 
	               32 Bit    Registers := 1     
	                1 Bit    Registers := 2     
+---Muxes : 
	   2 Input     32 Bit        Muxes := 1     
	   2 Input      1 Bit        Muxes := 1     
Module D_FF 
Detailed RTL Component Info : 
+---Registers : 
	                1 Bit    Registers := 2     
---------------------------------------------------------------------------------
Finished RTL Hierarchical Component Statistics
---------------------------------------------------------------------------------
---------------------------------------------------------------------------------
Start Part Resource Summary
---------------------------------------------------------------------------------
Part Resources:
DSPs: 90 (col length:60)
BRAMs: 100 (col length: RAMB18 60 RAMB36 30)
---------------------------------------------------------------------------------
Finished Part Resource Summary
---------------------------------------------------------------------------------
---------------------------------------------------------------------------------
Start Cross Boundary and Area Optimization
---------------------------------------------------------------------------------
Warning: Parallel synthesis criteria is not met 
WARNING: [Synth 8-6014] Unused sequential element D_FF_0/Qbar_reg was removed.  [C:/Users/rumar/Documents/Computer organization labs/Lab5/Lab5.srcs/sources_1/new/D_FF.vhd:22]
WARNING: [Synth 8-6014] Unused sequential element D_FF_1/Qbar_reg was removed.  [C:/Users/rumar/Documents/Computer organization labs/Lab5/Lab5.srcs/sources_1/new/D_FF.vhd:22]
WARNING: [Synth 8-6014] Unused sequential element D_FF_2/Qbar_reg was removed.  [C:/Users/rumar/Documents/Computer organization labs/Lab5/Lab5.srcs/sources_1/new/D_FF.vhd:22]
INFO: [Synth 8-5545] ROM "Slow_Clk_0/count" won't be mapped to RAM because address size (32) is larger than maximum supported(25)
INFO: [Synth 8-5545] ROM "Slow_Clk_0/clk_status" won't be mapped to RAM because address size (32) is larger than maximum supported(25)
---------------------------------------------------------------------------------
Finished Cross Boundary and Area Optimization : Time (s): cpu = 00:00:31 ; elapsed = 00:00:36 . Memory (MB): peak = 768.844 ; gain = 483.309
---------------------------------------------------------------------------------

Report RTL Partitions: 
+-+--------------+------------+----------+
| |RTL Partition |Replication |Instances |
+-+--------------+------------+----------+
+-+--------------+------------+----------+
---------------------------------------------------------------------------------
Start Applying XDC Timing Constraints
---------------------------------------------------------------------------------
---------------------------------------------------------------------------------
Finished Applying XDC Timing Constraints : Time (s): cpu = 00:00:45 ; elapsed = 00:00:52 . Memory (MB): peak = 768.844 ; gain = 483.309
---------------------------------------------------------------------------------
---------------------------------------------------------------------------------
Start Timing Optimization
---------------------------------------------------------------------------------
---------------------------------------------------------------------------------
Finished Timing Optimization : Time (s): cpu = 00:00:45 ; elapsed = 00:00:52 . Memory (MB): peak = 782.676 ; gain = 497.141
---------------------------------------------------------------------------------

Report RTL Partitions: 
+-+--------------+------------+----------+
| |RTL Partition |Replication |Instances |
+-+--------------+------------+----------+
+-+--------------+------------+----------+
---------------------------------------------------------------------------------
Start Technology Mapping
---------------------------------------------------------------------------------
---------------------------------------------------------------------------------
Finished Technology Mapping : Time (s): cpu = 00:00:45 ; elapsed = 00:00:52 . Memory (MB): peak = 782.676 ; gain = 497.141
---------------------------------------------------------------------------------

Report RTL Partitions: 
+-+--------------+------------+----------+
| |RTL Partition |Replication |Instances |
+-+--------------+------------+----------+
+-+--------------+------------+----------+
---------------------------------------------------------------------------------
Start IO Insertion
---------------------------------------------------------------------------------
---------------------------------------------------------------------------------
Start Flattening Before IO Insertion
---------------------------------------------------------------------------------
---------------------------------------------------------------------------------
Finished Flattening Before IO Insertion
---------------------------------------------------------------------------------
---------------------------------------------------------------------------------
Start Final Netlist Cleanup
---------------------------------------------------------------------------------
---------------------------------------------------------------------------------
Finished Final Netlist Cleanup
---------------------------------------------------------------------------------
---------------------------------------------------------------------------------
Finished IO Insertion : Time (s): cpu = 00:00:46 ; elapsed = 00:00:53 . Memory (MB): peak = 782.676 ; gain = 497.141
---------------------------------------------------------------------------------

Report Check Netlist: 
+------+------------------+-------+---------+-------+------------------+
|      |Item              |Errors |Warnings |Status |Description       |
+------+------------------+-------+---------+-------+------------------+
|1     |multi_driven_nets |      0|        0|Passed |Multi driven nets |
+------+------------------+-------+---------+-------+------------------+
---------------------------------------------------------------------------------
Start Renaming Generated Instances
---------------------------------------------------------------------------------
---------------------------------------------------------------------------------
Finished Renaming Generated Instances : Time (s): cpu = 00:00:46 ; elapsed = 00:00:53 . Memory (MB): peak = 782.676 ; gain = 497.141
---------------------------------------------------------------------------------

Report RTL Partitions: 
+-+--------------+------------+----------+
| |RTL Partition |Replication |Instances |
+-+--------------+------------+----------+
+-+--------------+------------+----------+
---------------------------------------------------------------------------------
Start Rebuilding User Hierarchy
---------------------------------------------------------------------------------
---------------------------------------------------------------------------------
Finished Rebuilding User Hierarchy : Time (s): cpu = 00:00:46 ; elapsed = 00:00:53 . Memory (MB): peak = 782.676 ; gain = 497.141
---------------------------------------------------------------------------------
---------------------------------------------------------------------------------
Start Renaming Generated Ports
---------------------------------------------------------------------------------
---------------------------------------------------------------------------------
Finished Renaming Generated Ports : Time (s): cpu = 00:00:46 ; elapsed = 00:00:53 . Memory (MB): peak = 782.676 ; gain = 497.141
---------------------------------------------------------------------------------
---------------------------------------------------------------------------------
Start Handling Custom Attributes
---------------------------------------------------------------------------------
---------------------------------------------------------------------------------
Finished Handling Custom Attributes : Time (s): cpu = 00:00:46 ; elapsed = 00:00:53 . Memory (MB): peak = 782.676 ; gain = 497.141
---------------------------------------------------------------------------------
---------------------------------------------------------------------------------
Start Renaming Generated Nets
---------------------------------------------------------------------------------
---------------------------------------------------------------------------------
Finished Renaming Generated Nets : Time (s): cpu = 00:00:46 ; elapsed = 00:00:53 . Memory (MB): peak = 782.676 ; gain = 497.141
---------------------------------------------------------------------------------
---------------------------------------------------------------------------------
Start Writing Synthesis Report
---------------------------------------------------------------------------------

Report BlackBoxes: 
+-+--------------+----------+
| |BlackBox name |Instances |
+-+--------------+----------+
+-+--------------+----------+

Report Cell Usage: 
+------+-------+------+
|      |Cell   |Count |
+------+-------+------+
|1     |BUFG   |     1|
|2     |CARRY4 |     8|
|3     |LUT1   |     1|
|4     |LUT4   |     8|
|5     |LUT5   |     5|
|6     |LUT6   |     1|
|7     |FDRE   |    37|
|8     |IBUF   |     3|
|9     |OBUF   |     3|
+------+-------+------+

Report Instance Areas: 
+------+-------------+---------+------+
|      |Instance     |Module   |Cells |
+------+-------------+---------+------+
|1     |top          |         |    67|
|2     |  D_FF_0     |D_FF     |     1|
|3     |  D_FF_1     |D_FF_0   |     3|
|4     |  D_FF_2     |D_FF_1   |     2|
|5     |  Slow_Clk_0 |Slow_Clk |    54|
+------+-------------+---------+------+
---------------------------------------------------------------------------------
Finished Writing Synthesis Report : Time (s): cpu = 00:00:46 ; elapsed = 00:00:53 . Memory (MB): peak = 782.676 ; gain = 497.141
---------------------------------------------------------------------------------
Synthesis finished with 0 errors, 0 critical warnings and 3 warnings.
Synthesis Optimization Runtime : Time (s): cpu = 00:00:27 ; elapsed = 00:00:41 . Memory (MB): peak = 782.676 ; gain = 166.688
Synthesis Optimization Complete : Time (s): cpu = 00:00:46 ; elapsed = 00:00:53 . Memory (MB): peak = 782.676 ; gain = 497.141
INFO: [Project 1-571] Translating synthesized netlist
INFO: [Netlist 29-17] Analyzing 11 Unisim elements for replacement
INFO: [Netlist 29-28] Unisim Transformation completed in 0 CPU seconds
INFO: [Project 1-570] Preparing netlist for logic optimization
INFO: [Opt 31-138] Pushed 0 inverter(s) to 0 load pin(s).
INFO: [Project 1-111] Unisim Transformation Summary:
No Unisim elements were transformed.

INFO: [Common 17-83] Releasing license: Synthesis
26 Infos, 3 Warnings, 0 Critical Warnings and 0 Errors encountered.
synth_design completed successfully
synth_design: Time (s): cpu = 00:00:47 ; elapsed = 00:00:57 . Memory (MB): peak = 783.461 ; gain = 510.039
INFO: [Common 17-1381] The checkpoint 'C:/Users/rumar/Documents/Computer organization labs/Lab5/Lab5.runs/synth_1/Counter.dcp' has been generated.
INFO: [runtcl-4] Executing : report_utilization -file Counter_utilization_synth.rpt -pb Counter_utilization_synth.pb
report_utilization: Time (s): cpu = 00:00:00 ; elapsed = 00:00:00.034 . Memory (MB): peak = 783.461 ; gain = 0.000
INFO: [Common 17-206] Exiting Vivado at Sun Apr  6 16:33:31 2025...
